vertical_prototype/Vertical Prototype/build/app/outputs/mapping/release/seeds.txt
com.google.android.gms.internal.measurement.zzdf: void onActivityStopped(com.google.android.gms.dynamic.IObjectWrapper,long)
com.google.android.recaptcha.internal.zzko: zzko()
com.google.android.recaptcha.internal.zzek: zzek(android.content.Context)
com.google.android.recaptcha.internal.zzoi: zzoi()
com.google.android.gms.internal.firebase-auth-api.zzyl: void zzd(java.lang.String,java.lang.String,com.google.android.gms.internal.firebase-auth-api.zzacf)
com.google.android.gms.common.internal.BaseGmsClient: java.util.ArrayList zzf(com.google.android.gms.common.internal.BaseGmsClient)
com.google.android.recaptcha.internal.zzig: com.google.android.recaptcha.internal.zzij zzb(java.lang.Object)
com.google.android.gms.internal.measurement.zzdd: void setUserId(java.lang.String,long)
com.google.android.gms.internal.measurement.zzoc: zzoc()
com.google.android.gms.internal.measurement.zzja$zzb: void zzk(int,int)
com.google.android.gms.internal.measurement.zzid: boolean remove(java.lang.Object)
com.google.android.gms.internal.base.zak: zak(android.graphics.drawable.Drawable,android.graphics.drawable.Drawable)
com.google.android.material.textfield.TextInputLayout: void setCursorErrorColor(android.content.res.ColorStateList)
com.google.android.gms.internal.firebase-auth-api.zzald: void zzo(java.util.List)
com.google.android.gms.internal.measurement.zzhy: zzhy()
com.google.android.gms.internal.measurement.zzft$zzj: void zzg(com.google.android.gms.internal.measurement.zzft$zzj)
com.google.android.gms.internal.measurement.zzit: boolean equals(java.lang.Object)
com.google.android.gms.internal.auth-api-phone.zzn: zzn(android.content.Context)
androidx.core.widget.CompoundButtonCompat$Api21Impl: android.content.res.ColorStateList getButtonTintList(android.widget.CompoundButton)
android.support.v4.media.AudioAttributesCompatParcelizer: AudioAttributesCompatParcelizer()
com.google.android.gms.internal.firebase-auth-api.zzu: java.lang.String toString()
com.google.android.gms.tasks.zzaa: java.lang.Object then(com.google.android.gms.tasks.Task)
androidx.appcompat.app.AppCompatDelegateImpl$Api17Impl: void setLocale(android.content.res.Configuration,java.util.Locale)
androidx.appcompat.widget.MenuPopupWindow$MenuDropDownListView: void setHoverListener(androidx.appcompat.widget.MenuItemHoverListener)
androidx.core.app.NotificationCompatBuilder$Api16Impl: android.app.Notification$Builder setSubText(android.app.Notification$Builder,java.lang.CharSequence)
com.google.android.gms.internal.maps.zzah: void zzt(boolean)
com.google.android.gms.internal.measurement.zzja: void zzg(int,long)
com.google.android.material.card.MaterialCardView: void setCheckedIconGravity(int)
androidx.core.content.ContextCompat$Api26Impl: android.content.Intent registerReceiver(android.content.Context,android.content.BroadcastReceiver,android.content.IntentFilter,java.lang.String,android.os.Handler,int)
com.google.android.gms.internal.firebase-auth-api.zzno: com.google.android.gms.internal.firebase-auth-api.zzno zza()
com.google.android.gms.internal.firebase-auth-api.zzagh: com.google.android.gms.internal.firebase-auth-api.zzagh zza(java.lang.String,java.lang.String,java.lang.String,java.lang.String,java.lang.String,java.lang.String)
com.google.android.gms.internal.firebase-auth-api.zzako: java.lang.Object zza(java.lang.Object,int)
com.google.android.gms.internal.firebase-auth-api.zzst: com.google.android.gms.internal.firebase-auth-api.zzst zzc()
io.flutter.embedding.engine.FlutterJNI: void loadLibrary()
com.google.android.gms.internal.firebase-auth-api.zzanb: void zzb(int,java.util.List)
com.google.android.gms.internal.firebase-auth-api.zzald: int zzj()
com.google.android.gms.internal.firebase-auth-api.zznv: boolean zzb(com.google.android.gms.internal.firebase-auth-api.zzow)
kotlin.jvm.internal.ReflectionFactory: ReflectionFactory()
com.google.android.gms.internal.firebase-auth-api.zzadj: void zza(java.lang.String)