vertical_prototype/Vertical Prototype/build/app/outputs/mapping/release/mapping.txt
# compiler: R8
# compiler_version: 3.3.70
# min_api: 21
# common_typos_disable
# {"id":"com.android.tools.r8.mapping","version":"2.0"}
# pg_map_id: 21d02bf
# pg_map_hash: SHA-256 21d02bf63df7f600051a403f440a3d048962f6ceb76141bd918581238ed0dc59
...
io.flutter.plugins.firebase.auth.GeneratedAndroidFirebaseAuth$PigeonAdditionalUserInfo$Builder -> m6.a1$r$a:
    java.lang.String username -> c
    java.util.Map profile -> e
    java.lang.String providerId -> b
    java.lang.Boolean isNewUser -> a
    java.lang.String authorizationCode -> d
    io.flutter.plugins.firebase.auth.GeneratedAndroidFirebaseAuth$PigeonAdditionalUserInfo build() -> a
    io.flutter.plugins.firebase.auth.GeneratedAndroidFirebaseAuth$PigeonAdditionalUserInfo$Builder setIsNewUser(java.lang.Boolean) -> b
    io.flutter.plugins.firebase.auth.GeneratedAndroidFirebaseAuth$PigeonAdditionalUserInfo$Builder setProfile(java.util.Map) -> c
    io.flutter.plugins.firebase.auth.GeneratedAndroidFirebaseAuth$PigeonAdditionalUserInfo$Builder setProviderId(java.lang.String) -> d
    io.flutter.plugins.firebase.auth.GeneratedAndroidFirebaseAuth$PigeonAdditionalUserInfo$Builder setUsername(java.lang.String) -> e
io.flutter.plugins.firebase.auth.GeneratedAndroidFirebaseAuth$PigeonAuthCredential -> m6.a1$s:
    java.lang.Long nativeId -> c
    java.lang.String providerId -> a
    java.lang.String signInMethod -> b
    java.lang.String accessToken -> d
    io.flutter.plugins.firebase.auth.GeneratedAndroidFirebaseAuth$PigeonAuthCredential fromList(java.util.ArrayList) -> a
    void setAccessToken(java.lang.String) -> b
    void setNativeId(java.lang.Long) -> c
    void setProviderId(java.lang.String) -> d
    void setSignInMethod(java.lang.String) -> e
    java.util.ArrayList toList() -> f
io.flutter.plugins.firebase.auth.GeneratedAndroidFirebaseAuth$PigeonAuthCredential$Builder -> m6.a1$s$a:
    java.lang.Long nativeId -> c
    java.lang.String providerId -> a
    java.lang.String signInMethod -> b
    java.lang.String accessToken -> d
    io.flutter.plugins.firebase.auth.GeneratedAndroidFirebaseAuth$PigeonAuthCredential build() -> a
    io.flutter.plugins.firebase.auth.GeneratedAndroidFirebaseAuth$PigeonAuthCredential$Builder setAccessToken(java.lang.String) -> b
    io.flutter.plugins.firebase.auth.GeneratedAndroidFirebaseAuth$PigeonAuthCredential$Builder setNativeId(java.lang.Long) -> c
    io.flutter.plugins.firebase.auth.GeneratedAndroidFirebaseAuth$PigeonAuthCredential$Builder setProviderId(java.lang.String) -> d
    io.flutter.plugins.firebase.auth.GeneratedAndroidFirebaseAuth$PigeonAuthCredential$Builder setSignInMethod(java.lang.String) -> e
io.flutter.plugins.firebase.auth.GeneratedAndroidFirebaseAuth$PigeonFirebaseAuthSettings -> m6.a1$t:
    java.lang.Boolean forceRecaptchaFlow -> e
    java.lang.String phoneNumber -> c
    java.lang.String userAccessGroup -> b
    java.lang.Boolean appVerificationDisabledForTesting -> a
    java.lang.String smsCode -> d
    io.flutter.plugins.firebase.auth.GeneratedAndroidFirebaseAuth$PigeonFirebaseAuthSettings fromList(java.util.ArrayList) -> a
    java.lang.Boolean getAppVerificationDisabledForTesting() -> b
    java.lang.Boolean getForceRecaptchaFlow() -> c
    java.lang.String getPhoneNumber() -> d
    java.lang.String getSmsCode() -> e
    void setAppVerificationDisabledForTesting(java.lang.Boolean) -> f
    void setForceRecaptchaFlow(java.lang.Boolean) -> g
    void setPhoneNumber(java.lang.String) -> h
    void setSmsCode(java.lang.String) -> i
    void setUserAccessGroup(java.lang.String) -> j
    java.util.ArrayList toList() -> k