vertical_prototype/Vertical Prototype/build/app/outputs/mapping/release/usage.txt
android.support.customtabs.trusted.ITrustedWebActivityService$Stub$Proxy
android.support.customtabs.trusted.ITrustedWebActivityService$Stub
android.support.customtabs.trusted.ITrustedWebActivityService
android.support.v4.app.INotificationSideChannel$Default
android.support.v4.app.INotificationSideChannel$Stub$Proxy:
    public java.lang.String getInterfaceDescriptor()
android.support.v4.app.INotificationSideChannel$Stub:
    static final int TRANSACTION_cancel
    static final int TRANSACTION_cancelAll
    static final int TRANSACTION_notify
    public void <init>()
    public android.os.IBinder asBinder()
    public boolean onTransact(int,android.os.Parcel,android.os.Parcel,int)
android.support.v4.app.INotificationSideChannel$_Parcel:
    public void <init>()
    static synthetic java.lang.Object access$000(android.os.Parcel,android.os.Parcelable$Creator)
    private static java.lang.Object readTypedObject(android.os.Parcel,android.os.Parcelable$Creator)
android.support.v4.media.MediaBrowserCompat$Api21Impl
android.support.v4.media.MediaBrowserCompat$CallbackHandler
android.support.v4.media.MediaBrowserCompat$ConnectionCallback$ConnectionCallbackApi21
android.support.v4.media.MediaBrowserCompat$ConnectionCallback$ConnectionCallbackInternal
android.support.v4.media.MediaBrowserCompat$ConnectionCallback
android.support.v4.media.MediaBrowserCompat$CustomActionCallback:
    public void <init>()
android.support.v4.media.MediaBrowserCompat$CustomActionResultReceiver:
    void <init>(java.lang.String,android.os.Bundle,android.support.v4.media.MediaBrowserCompat$CustomActionCallback,android.os.Handler)
android.support.v4.media.MediaBrowserCompat$ItemCallback$ItemCallbackApi23
android.support.v4.media.MediaBrowserCompat$ItemCallback:
    final android.media.browse.MediaBrowser$ItemCallback mItemCallbackFwk
    public void <init>()
android.support.v4.media.MediaBrowserCompat$ItemReceiver:
    void <init>(java.lang.String,android.support.v4.media.MediaBrowserCompat$ItemCallback,android.os.Handler)
android.support.v4.media.MediaBrowserCompat$MediaBrowserImpl
android.support.v4.media.MediaBrowserCompat$MediaBrowserImplApi21$1
android.support.v4.media.MediaBrowserCompat$MediaBrowserImplApi21$2
android.support.v4.media.MediaBrowserCompat$MediaBrowserImplApi21$3
android.support.v4.media.MediaBrowserCompat$MediaBrowserImplApi21$4
android.support.v4.media.MediaBrowserCompat$MediaBrowserImplApi21$5
android.support.v4.media.MediaBrowserCompat$MediaBrowserImplApi21$6
android.support.v4.media.MediaBrowserCompat$MediaBrowserImplApi21$7
android.support.v4.media.MediaBrowserCompat$MediaBrowserImplApi21
android.support.v4.media.MediaBrowserCompat$MediaBrowserImplApi23
android.support.v4.media.MediaBrowserCompat$MediaBrowserImplApi26
android.support.v4.media.MediaBrowserCompat$MediaBrowserImplBase$1
android.support.v4.media.MediaBrowserCompat$MediaBrowserImplBase$2
android.support.v4.media.MediaBrowserCompat$MediaBrowserImplBase$3
android.support.v4.media.MediaBrowserCompat$MediaBrowserImplBase$4
android.support.v4.media.MediaBrowserCompat$MediaBrowserImplBase$5
android.support.v4.media.MediaBrowserCompat$MediaBrowserImplBase$6
android.support.v4.media.MediaBrowserCompat$MediaBrowserImplBase$MediaServiceConnection$1
android.support.v4.media.MediaBrowserCompat$MediaBrowserImplBase$MediaServiceConnection$2
android.support.v4.media.MediaBrowserCompat$MediaBrowserImplBase$MediaServiceConnection
android.support.v4.media.MediaBrowserCompat$MediaBrowserImplBase
android.support.v4.media.MediaBrowserCompat$MediaBrowserServiceCallbackImpl